19:30:56.973 INFO  library.BaseClass - Started
19:30:59.388 INFO  library.BaseClass - === Starting getSalt ===
19:30:59.388 INFO  library.BaseClass - https://api.pc.enstage-sas.com
19:31:06.753 INFO  library.BaseClass - Salt of 9986939965 is 1fD0aK8lC1wI4wM0oF1g
19:31:06.753 INFO  library.BaseClass - The salt response is {"clusterInfo":{"urls":{"api":"https://api-pdc.pc.enstage-sas.com/","mpi":"https://wibmompistg-dw.pc.enstage-sas.com/","retailRecharge":"https://retailapi.pc.enstage-sas.com/","webSdk":"https://app-pdc.pc.enstage-sas.com/checkout/?version=10803#!/payment/","retailUtility":"https://retail.pc.enstage-sas.com/","walletWebRoot":"https://wallet.pc.enstage-sas.com/","nbBilldesk":"http://103.74.180.6:9090/","crossDcServerList":["https://api-sdc.pc.enstage-sas.com/"]},"csrTokenValidityMinutes":300,"nodeId":"blr_n3","version":"4.14.1.11"},"salt":"1fD0aK8lC1wI4wM0oF1g"}
19:31:06.769 INFO  library.BaseClass - The data centre is https://api-pdc.pc.enstage-sas.com/
19:31:06.787 INFO  library.BaseClass - The salt for 9986939965 is 1fD0aK8lC1wI4wM0oF1g
19:31:07.176 INFO  library.BaseClass - 

{"pwd":"0wVUZslX5wZEPl2hDhhULSqvSZ4=", "key":"1fD0aK8lC1wI4wM0oF1g", "encPwd":"0wVUZslX5wZEPl2hDhhULSqvSZ4%3D"}

19:31:07.176 INFO  library.BaseClass - The generate encrypted pin response is 

{"pwd":"0wVUZslX5wZEPl2hDhhULSqvSZ4=", "key":"1fD0aK8lC1wI4wM0oF1g", "encPwd":"0wVUZslX5wZEPl2hDhhULSqvSZ4%3D"}

19:31:07.192 INFO  library.BaseClass - The encrypted PIN is 0wVUZslX5wZEPl2hDhhULSqvSZ4=
19:31:13.100 INFO  library.BaseClass - The start login response is {"resCode":"000","resDesc":"SUCCESS","userId":"87101","userToken":null,"tempToken":"201901IN6019P5tQ7qxu0R2NTq768G26z","firstName":null,"middleName":null,"lastName":null,"lastLoginTime":null,"userAccessDataType":0,"profilePicAuthKey":null,"usersMobile":["7338190532","9986939965"],"hostDown":false,"userBankAc":null,"unClaimedFunds":[],"availableBankListUpdateTime":null,"inflowUpdateTime":"1370935498378","outflowUpdateTime":"1370935498375","userSfLastUpdatedTime":null,"userDfLastUpdatedTime":null,"isForce":true,"forceAction":21,"forceActionMsg":"This device is not in your trusted list. Please provide requested information to continue accessing from this device.","appUpdateUrl":null,"gcmRegistered":false,"gcmB64Hash":null,"deviceTrusted":false,"currentTrustedPhone":null,"simProofValidationStatus":null,"simValidationEnabled":true,"simValidationToPhoneNumbers":"+919220092200,+919243762535","publicKeyForDevice":null,"aesKeyForDevice":null,"fingerprintRegistered":false,"fingerprintB64Hash":null,"customerId":null,"customerIdSetStatus":0,"p2MerchantStatus":4,"customOfferAvailable":false,"accountKycLevel":0,"kycParamVersion":null,"walletStatus":0,"bankKycUrl":null}
19:31:13.131 INFO  library.BaseClass - The temp token for 9986939965 logging in is 201901IN6019P5tQ7qxu0R2NTq768G26z
19:31:13.162 INFO  library.BaseClass - The userId of 9986939965 is 87101
19:31:13.617 INFO  library.BaseClass - OTP is 312059
19:31:13.617 INFO  library.BaseClass - The DVC for 9986939965 logging in is 312059
19:31:13.917 INFO  library.BaseClass - The complete login response : {"resCode":"000","resDesc":"SUCCESS","userId":"87101","userToken":"201901IN6019PYIiAzV5SWK0kRaQ27LjS","tempToken":null,"firstName":"Prathyush","middleName":"Gopinath","lastName":"Paratddf","lastLoginTime":1548831102000,"userAccessDataType":0,"profilePicAuthKey":null,"usersMobile":null,"hostDown":false,"userBankAc":[{"pcAccNumber":"IN062090334723","programId":"6019","accountKycLevel":100}],"unClaimedFunds":[],"availableBankListUpdateTime":null,"inflowUpdateTime":null,"outflowUpdateTime":null,"userSfLastUpdatedTime":null,"userDfLastUpdatedTime":null,"isForce":false,"forceAction":0,"forceActionMsg":null,"appUpdateUrl":null,"gcmRegistered":true,"gcmB64Hash":"O7aD3BcEAzJwNfzt8bFl2ZG7m+SFHvkp2LVS4jgVaMA=","deviceTrusted":true,"currentTrustedPhone":null,"simProofValidationStatus":null,"simValidationEnabled":true,"simValidationToPhoneNumbers":null,"publicKeyForDevice":"MFwwDQYJKoZIhvcNAQEBBQADSwAwSAJBAJRAVvxtVbK0VQ2K9QbxEWhRkLDbsZaPnz611H8QRrqhlwZjWNYs1xKiRhFgF1sSUeTnlAT3nkf8zex0rddB3isCAwEAAQ==","aesKeyForDevice":"tGIp+Iak2C5eRdLvyb3o9Q==","fingerprintRegistered":false,"fingerprintB64Hash":null,"customerId":null,"customerIdSetStatus":0,"p2MerchantStatus":4,"customOfferAvailable":true,"accountKycLevel":100,"kycParamVersion":"18.06.21","walletStatus":1,"bankKycUrl":null}
19:31:13.932 INFO  library.BaseClass - Logging 9986939965 out
19:31:13.964 INFO  library.BaseClass - user ID to logout :87101
19:31:13.979 INFO  library.BaseClass - userAuthToken to logout :201901IN6019PYIiAzV5SWK0kRaQ27LjS
19:31:13.979 INFO  library.BaseClass - DC for logging out : https://api-pdc.pc.enstage-sas.com/
19:31:14.135 INFO  library.BaseClass - Logout response : {"status":true}
19:57:17.874 INFO  library.BaseClass - Started
19:57:22.685 INFO  library.BaseClass - === Starting getSalt ===
19:57:22.685 INFO  library.BaseClass - https://api.pc.enstage-sas.com
19:57:22.685 INFO  library.BaseClass - === Starting getSalt ===
19:57:22.685 INFO  library.BaseClass - https://api.pc.enstage-sas.com
19:57:47.513 INFO  library.BaseClass - Salt of 1144778861 is 4qG1bI9gM2sL9mK5tX2v
19:57:47.513 INFO  library.BaseClass - The salt response is {"clusterInfo":{"urls":{"api":"https://api-pdc.pc.enstage-sas.com/","mpi":"https://wibmompistg-dw.pc.enstage-sas.com/","retailRecharge":"https://retailapi.pc.enstage-sas.com/","webSdk":"https://app-pdc.pc.enstage-sas.com/checkout/?version=10803#!/payment/","retailUtility":"https://retail.pc.enstage-sas.com/","walletWebRoot":"https://wallet.pc.enstage-sas.com/","nbBilldesk":"http://103.74.180.6:9090/","crossDcServerList":["https://api-sdc.pc.enstage-sas.com/"]},"csrTokenValidityMinutes":300,"nodeId":"blr_n3","version":"4.14.1.11"},"salt":"4qG1bI9gM2sL9mK5tX2v"}
19:57:47.513 INFO  library.BaseClass - Salt of 9986939965 is 4yP5hZ3rT4rC6zJ1hJ6s
19:57:47.513 INFO  library.BaseClass - The salt response is {"clusterInfo":{"urls":{"api":"https://api-pdc.pc.enstage-sas.com/","mpi":"https://wibmompistg-dw.pc.enstage-sas.com/","retailRecharge":"https://retailapi.pc.enstage-sas.com/","webSdk":"https://app-pdc.pc.enstage-sas.com/checkout/?version=10803#!/payment/","retailUtility":"https://retail.pc.enstage-sas.com/","walletWebRoot":"https://wallet.pc.enstage-sas.com/","nbBilldesk":"http://103.74.180.6:9090/","crossDcServerList":["https://api-sdc.pc.enstage-sas.com/"]},"csrTokenValidityMinutes":300,"nodeId":"blr_n1","version":"4.14.1.11"},"salt":"4yP5hZ3rT4rC6zJ1hJ6s"}
19:57:47.544 INFO  library.BaseClass - The data centre is https://api-pdc.pc.enstage-sas.com/
19:57:47.560 INFO  library.BaseClass - The data centre is https://api-pdc.pc.enstage-sas.com/
19:57:47.560 INFO  library.BaseClass - The salt for 9986939965 is 4yP5hZ3rT4rC6zJ1hJ6s
19:57:47.575 INFO  library.BaseClass - The salt for 1144778861 is 4qG1bI9gM2sL9mK5tX2v
19:57:47.936 INFO  library.BaseClass - 

{"pwd":"C+DJwRfJyfeEQAnY/+CmgJWbA6Y=", "key":"4qG1bI9gM2sL9mK5tX2v", "encPwd":"C%2BDJwRfJyfeEQAnY%2F%2BCmgJWbA6Y%3D"}

19:57:47.936 INFO  library.BaseClass - The generate encrypted pin response is 

{"pwd":"Ul4SzvTecRvjifej9Viyt/zvfcI=", "key":"4yP5hZ3rT4rC6zJ1hJ6s", "encPwd":"Ul4SzvTecRvjifej9Viyt%2FzvfcI%3D"}

19:57:47.952 INFO  library.BaseClass - The encrypted PIN is Ul4SzvTecRvjifej9Viyt/zvfcI=
19:57:48.139 INFO  library.BaseClass - 

{"pwd":"C+DJwRfJyfeEQAnY/+CmgJWbA6Y=", "key":"4qG1bI9gM2sL9mK5tX2v", "encPwd":"C%2BDJwRfJyfeEQAnY%2F%2BCmgJWbA6Y%3D"}

19:57:48.139 INFO  library.BaseClass - The generate encrypted pin response is 

{"pwd":"C+DJwRfJyfeEQAnY/+CmgJWbA6Y=", "key":"4qG1bI9gM2sL9mK5tX2v", "encPwd":"C%2BDJwRfJyfeEQAnY%2F%2BCmgJWbA6Y%3D"}

19:57:48.139 INFO  library.BaseClass - The encrypted PIN is C+DJwRfJyfeEQAnY/+CmgJWbA6Y=
19:57:48.513 INFO  library.BaseClass - The start login response is {"resCode":"100","resDesc":"BAD_PWD","userId":null,"userToken":null,"tempToken":null,"firstName":null,"middleName":null,"lastName":null,"lastLoginTime":null,"userAccessDataType":0,"profilePicAuthKey":null,"usersMobile":null,"hostDown":false,"userBankAc":null,"unClaimedFunds":null,"availableBankListUpdateTime":null,"inflowUpdateTime":null,"outflowUpdateTime":null,"userSfLastUpdatedTime":null,"userDfLastUpdatedTime":null,"isForce":false,"forceAction":0,"forceActionMsg":null,"appUpdateUrl":null,"gcmRegistered":false,"gcmB64Hash":null,"deviceTrusted":false,"currentTrustedPhone":null,"simProofValidationStatus":null,"simValidationEnabled":false,"simValidationToPhoneNumbers":null,"publicKeyForDevice":null,"aesKeyForDevice":null,"fingerprintRegistered":false,"fingerprintB64Hash":null,"customerId":null,"customerIdSetStatus":0,"p2MerchantStatus":0,"customOfferAvailable":false,"accountKycLevel":0,"kycParamVersion":null,"walletStatus":0,"bankKycUrl":null}
19:57:48.546 INFO  library.BaseClass - The temp token for 1144778861 logging in is null
19:57:48.582 INFO  library.BaseClass - The userId of 1144778861 is null
19:57:49.261 INFO  library.BaseClass - OTP is 383098
19:57:49.261 INFO  library.BaseClass - The DVC for 1144778861 logging in is 383098
19:57:49.464 INFO  library.BaseClass - The complete login response : {"resCode":"051","resDesc":"INTERNAL ERROR","userId":null,"userToken":null,"tempToken":null,"firstName":null,"middleName":null,"lastName":null,"lastLoginTime":null,"userAccessDataType":0,"profilePicAuthKey":null,"usersMobile":null,"hostDown":false,"userBankAc":null,"unClaimedFunds":null,"availableBankListUpdateTime":null,"inflowUpdateTime":null,"outflowUpdateTime":null,"userSfLastUpdatedTime":null,"userDfLastUpdatedTime":null,"isForce":false,"forceAction":0,"forceActionMsg":null,"appUpdateUrl":null,"gcmRegistered":false,"gcmB64Hash":null,"deviceTrusted":false,"currentTrustedPhone":null,"simProofValidationStatus":null,"simValidationEnabled":false,"simValidationToPhoneNumbers":null,"publicKeyForDevice":null,"aesKeyForDevice":null,"fingerprintRegistered":false,"fingerprintB64Hash":null,"customerId":null,"customerIdSetStatus":0,"p2MerchantStatus":0,"customOfferAvailable":false,"accountKycLevel":0,"kycParamVersion":null,"walletStatus":0,"bankKycUrl":null}
19:57:52.687 INFO  library.BaseClass - === Starting getSalt ===
19:57:52.687 INFO  library.BaseClass - https://api.pc.enstage-sas.com
19:57:52.830 INFO  library.BaseClass - Salt of 1144778865 is 2jL7sI0rS3dX2fA0xM1b
19:57:52.830 INFO  library.BaseClass - The salt response is {"clusterInfo":{"urls":{"api":"https://api-pdc.pc.enstage-sas.com/","mpi":"https://wibmompistg-dw.pc.enstage-sas.com/","retailRecharge":"https://retailapi.pc.enstage-sas.com/","webSdk":"https://app-pdc.pc.enstage-sas.com/checkout/?version=10803#!/payment/","retailUtility":"https://retail.pc.enstage-sas.com/","walletWebRoot":"https://wallet.pc.enstage-sas.com/","nbBilldesk":"http://103.74.180.6:9090/","crossDcServerList":["https://api-sdc.pc.enstage-sas.com/"]},"csrTokenValidityMinutes":300,"nodeId":"blr_n3","version":"4.14.1.11"},"salt":"2jL7sI0rS3dX2fA0xM1b"}
19:57:52.861 INFO  library.BaseClass - The data centre is https://api-pdc.pc.enstage-sas.com/
19:57:52.861 INFO  library.BaseClass - The salt for 1144778865 is 2jL7sI0rS3dX2fA0xM1b
19:57:53.033 INFO  library.BaseClass - 

{"pwd":"GuSz5GjeiGJUik9NcvEpuKFIk9o=", "key":"2jL7sI0rS3dX2fA0xM1b", "encPwd":"GuSz5GjeiGJUik9NcvEpuKFIk9o%3D"}

19:57:53.033 INFO  library.BaseClass - The generate encrypted pin response is 

{"pwd":"GuSz5GjeiGJUik9NcvEpuKFIk9o=", "key":"2jL7sI0rS3dX2fA0xM1b", "encPwd":"GuSz5GjeiGJUik9NcvEpuKFIk9o%3D"}

19:57:53.049 INFO  library.BaseClass - The encrypted PIN is GuSz5GjeiGJUik9NcvEpuKFIk9o=
19:57:53.751 INFO  library.BaseClass - The start login response is {"resCode":"000","resDesc":"SUCCESS","userId":"87101","userToken":null,"tempToken":"201901IN6019Pk6bsAp4C91VXaPZMf89m","firstName":null,"middleName":null,"lastName":null,"lastLoginTime":null,"userAccessDataType":0,"profilePicAuthKey":null,"usersMobile":["7338190532","9986939965"],"hostDown":false,"userBankAc":null,"unClaimedFunds":[],"availableBankListUpdateTime":null,"inflowUpdateTime":"1370935498378","outflowUpdateTime":"1370935498375","userSfLastUpdatedTime":null,"userDfLastUpdatedTime":null,"isForce":true,"forceAction":21,"forceActionMsg":"This device is not in your trusted list. Please provide requested information to continue accessing from this device.","appUpdateUrl":null,"gcmRegistered":false,"gcmB64Hash":null,"deviceTrusted":false,"currentTrustedPhone":null,"simProofValidationStatus":null,"simValidationEnabled":true,"simValidationToPhoneNumbers":"+919220092200,+919243762535","publicKeyForDevice":null,"aesKeyForDevice":null,"fingerprintRegistered":false,"fingerprintB64Hash":null,"customerId":null,"customerIdSetStatus":0,"p2MerchantStatus":4,"customOfferAvailable":false,"accountKycLevel":0,"kycParamVersion":null,"walletStatus":0,"bankKycUrl":null}
19:57:53.782 INFO  library.BaseClass - The temp token for 9986939965 logging in is 201901IN6019Pk6bsAp4C91VXaPZMf89m
19:57:53.798 INFO  library.BaseClass - The userId of 9986939965 is 87101
19:57:53.909 INFO  library.BaseClass - The start login response is {"resCode":"000","resDesc":"SUCCESS","userId":"601301","userToken":null,"tempToken":"201901IN6019PYPhNr75ftTwNQPRn0U9F","firstName":null,"middleName":null,"lastName":null,"lastLoginTime":null,"userAccessDataType":0,"profilePicAuthKey":null,"usersMobile":["1144778865"],"hostDown":false,"userBankAc":null,"unClaimedFunds":[],"availableBankListUpdateTime":null,"inflowUpdateTime":"1370935498378","outflowUpdateTime":"1370935498375","userSfLastUpdatedTime":null,"userDfLastUpdatedTime":null,"isForce":true,"forceAction":21,"forceActionMsg":"This device is not in your trusted list. Please provide requested information to continue accessing from this device.","appUpdateUrl":null,"gcmRegistered":false,"gcmB64Hash":null,"deviceTrusted":false,"currentTrustedPhone":null,"simProofValidationStatus":null,"simValidationEnabled":true,"simValidationToPhoneNumbers":"+919220092200,+919243762535","publicKeyForDevice":null,"aesKeyForDevice":null,"fingerprintRegistered":false,"fingerprintB64Hash":null,"customerId":null,"customerIdSetStatus":0,"p2MerchantStatus":4,"customOfferAvailable":false,"accountKycLevel":0,"kycParamVersion":null,"walletStatus":0,"bankKycUrl":null}
19:57:53.940 INFO  library.BaseClass - The temp token for 1144778865 logging in is 201901IN6019PYPhNr75ftTwNQPRn0U9F
19:57:53.956 INFO  library.BaseClass - The userId of 1144778865 is 601301
19:57:54.065 INFO  library.BaseClass - OTP is 254266
19:57:54.065 INFO  library.BaseClass - The DVC for 9986939965 logging in is 254266
19:57:54.081 INFO  library.BaseClass - OTP is 209724
19:57:54.081 INFO  library.BaseClass - The DVC for 1144778865 logging in is 209724
19:57:54.283 INFO  library.BaseClass - The complete login response : {"resCode":"000","resDesc":"SUCCESS","userId":"87101","userToken":"201901IN6019PzpUm3r01pYzdO1lx7jCA","tempToken":null,"firstName":"Prathyush","middleName":"Gopinath","lastName":"Paratddf","lastLoginTime":1548856873000,"userAccessDataType":0,"profilePicAuthKey":null,"usersMobile":null,"hostDown":false,"userBankAc":[{"pcAccNumber":"IN062090334723","programId":"6019","accountKycLevel":100}],"unClaimedFunds":[],"availableBankListUpdateTime":null,"inflowUpdateTime":null,"outflowUpdateTime":null,"userSfLastUpdatedTime":null,"userDfLastUpdatedTime":null,"isForce":false,"forceAction":0,"forceActionMsg":null,"appUpdateUrl":null,"gcmRegistered":true,"gcmB64Hash":"O7aD3BcEAzJwNfzt8bFl2ZG7m+SFHvkp2LVS4jgVaMA=","deviceTrusted":true,"currentTrustedPhone":null,"simProofValidationStatus":null,"simValidationEnabled":true,"simValidationToPhoneNumbers":null,"publicKeyForDevice":"MFwwDQYJKoZIhvcNAQEBBQADSwAwSAJBAMIxpc5fWHnONhzM0P6iLDl4omrJRVqXshiO5sct6wzY9oC2w1HiEAL8J830sOmY48FUAAEopUKwkpl+Hc2Blf0CAwEAAQ==","aesKeyForDevice":"5S6d59ANT3RqY4TyOMbK1A==","fingerprintRegistered":false,"fingerprintB64Hash":null,"customerId":null,"customerIdSetStatus":0,"p2MerchantStatus":4,"customOfferAvailable":true,"accountKycLevel":100,"kycParamVersion":"18.06.21","walletStatus":1,"bankKycUrl":null}
19:57:54.314 INFO  library.BaseClass - Logging 9986939965 out
19:57:54.330 INFO  library.BaseClass - user ID to logout :87101
19:57:54.345 INFO  library.BaseClass - userAuthToken to logout :201901IN6019PzpUm3r01pYzdO1lx7jCA
19:57:54.345 INFO  library.BaseClass - DC for logging out : https://api-pdc.pc.enstage-sas.com/
19:57:54.372 INFO  library.BaseClass - The complete login response : {"resCode":"000","resDesc":"SUCCESS","userId":"601301","userToken":"201901IN6019P24CWMJ0L8JVUp74rkj5E","tempToken":null,"firstName":"test","middleName":"test","lastName":"test","lastLoginTime":1541496833000,"userAccessDataType":0,"profilePicAuthKey":null,"usersMobile":null,"hostDown":false,"userBankAc":[{"pcAccNumber":"IN162934859552","programId":"6019","accountKycLevel":10}],"unClaimedFunds":[],"availableBankListUpdateTime":null,"inflowUpdateTime":null,"outflowUpdateTime":null,"userSfLastUpdatedTime":"30572019075753","userDfLastUpdatedTime":"30572019075753","isForce":true,"forceAction":25,"forceActionMsg":"force user to seed Aadhar details","appUpdateUrl":null,"gcmRegistered":false,"gcmB64Hash":null,"deviceTrusted":true,"currentTrustedPhone":null,"simProofValidationStatus":null,"simValidationEnabled":true,"simValidationToPhoneNumbers":null,"publicKeyForDevice":"MFwwDQYJKoZIhvcNAQEBBQADSwAwSAJBALTFqnVYm5l9y0NgM1M/df/YGS149ADiI09OXUMkiWAsjPfPGFTSgdxE7L+Fwhu+yHmCgwYiJ29oQAMV+eY3dkUCAwEAAQ==","aesKeyForDevice":"Qj55IzNamrp1jDe1QqIgkQ==","fingerprintRegistered":false,"fingerprintB64Hash":null,"customerId":null,"customerIdSetStatus":0,"p2MerchantStatus":4,"customOfferAvailable":true,"accountKycLevel":10,"kycParamVersion":"18.06.21","walletStatus":1,"bankKycUrl":null}
19:57:54.372 INFO  library.BaseClass - IAP API method executing
19:57:54.512 INFO  library.BaseClass - Logout response : {"status":true}
19:57:55.009 INFO  library.BaseClass - === Starting getSalt ===
19:57:55.009 INFO  library.BaseClass - https://api.pc.enstage-sas.com
19:57:55.177 INFO  library.BaseClass - Salt of 1144778865 is 0pT5aI4wY9kJ7vM7fD5y
19:57:55.177 INFO  library.BaseClass - The salt response is {"clusterInfo":{"urls":{"api":"https://api-pdc.pc.enstage-sas.com/","mpi":"https://wibmompistg-dw.pc.enstage-sas.com/","retailRecharge":"https://retailapi.pc.enstage-sas.com/","webSdk":"https://app-pdc.pc.enstage-sas.com/checkout/?version=10803#!/payment/","retailUtility":"https://retail.pc.enstage-sas.com/","walletWebRoot":"https://wallet.pc.enstage-sas.com/","nbBilldesk":"http://103.74.180.6:9090/","crossDcServerList":["https://api-sdc.pc.enstage-sas.com/"]},"csrTokenValidityMinutes":300,"nodeId":"blr_n1","version":"4.14.1.11"},"salt":"0pT5aI4wY9kJ7vM7fD5y"}
19:57:55.193 INFO  library.BaseClass - The data centre is https://api-pdc.pc.enstage-sas.com/
19:57:55.208 INFO  library.BaseClass - The salt for 1144778865 is 0pT5aI4wY9kJ7vM7fD5y
19:58:08.662 INFO  library.BaseClass - 

{"pwd":"RSOdIA9lQFvVjnvlWrDAc9HfAGE=", "key":"0pT5aI4wY9kJ7vM7fD5y", "encPwd":"RSOdIA9lQFvVjnvlWrDAc9HfAGE%3D"}

19:58:08.662 INFO  library.BaseClass - The generate encrypted pin response is 

{"pwd":"RSOdIA9lQFvVjnvlWrDAc9HfAGE=", "key":"0pT5aI4wY9kJ7vM7fD5y", "encPwd":"RSOdIA9lQFvVjnvlWrDAc9HfAGE%3D"}

19:58:08.662 INFO  library.BaseClass - The encrypted PIN is RSOdIA9lQFvVjnvlWrDAc9HfAGE=
19:58:08.870 INFO  library.BaseClass - The start login response is {"resCode":"000","resDesc":"SUCCESS","userId":"601301","userToken":null,"tempToken":"201901IN6019PUgXepVl2P20DNw146t2N","firstName":null,"middleName":null,"lastName":null,"lastLoginTime":null,"userAccessDataType":0,"profilePicAuthKey":null,"usersMobile":["1144778865"],"hostDown":false,"userBankAc":null,"unClaimedFunds":[],"availableBankListUpdateTime":null,"inflowUpdateTime":"1370935498378","outflowUpdateTime":"1370935498375","userSfLastUpdatedTime":null,"userDfLastUpdatedTime":null,"isForce":true,"forceAction":21,"forceActionMsg":"This device is not in your trusted list. Please provide requested information to continue accessing from this device.","appUpdateUrl":null,"gcmRegistered":false,"gcmB64Hash":null,"deviceTrusted":false,"currentTrustedPhone":null,"simProofValidationStatus":null,"simValidationEnabled":true,"simValidationToPhoneNumbers":"+919220092200,+919243762535","publicKeyForDevice":null,"aesKeyForDevice":null,"fingerprintRegistered":false,"fingerprintB64Hash":null,"customerId":null,"customerIdSetStatus":0,"p2MerchantStatus":4,"customOfferAvailable":false,"accountKycLevel":0,"kycParamVersion":null,"walletStatus":0,"bankKycUrl":null}
19:58:08.870 INFO  library.BaseClass - Init res :{"resCode":"070","resDesc":"MESSAGE HASH FAILED","wibmoCustomer":true,"registeredUas":"1234512345","accessStringType":0,"merchantInfo":{"merId":"81516121","merName":"Test Merchant","merCountryCode":"IN","merAppId":"1","merProgramId":"6019"},"transactionInfo":{"supportedPaymentType":["*"],"restrictedPaymentType":null,"txnAmount":100,"txnCurrency":"356","txnDesc":"For Movie Ticket","txnDate":null,"txnAmtKnown":true,"chargeLater":true,"merAppData":"This is Wibmo Test App","merTxnId":"WPAYTXN1149937301846215","merDataField":"This is for recon ","txnFormattedAmount":"Rs. 1.00"},"merchantReturnUrl":null,"merchantProgramId":"6019","wibmoTxnId":"201901301958085908cV02uM7","wibmoTxnToken":null,"webUrl":"https://app-pdc.pc.enstage-sas.com/checkout/?version=10803#!/payment/0/3hI61rA60rP4/201901301958085908cV02uM7/","msgHash":null,"screenTitle":null,"messageForUser":null,"messageType":0,"onusCardRequired":false,"preferredProgram":"","forceRegister":false,"isHalfRegistered":true,"isHalfRegistrationEnabled":true,"isBillingAddressAllowed":false,"isShippingAddressAllowed":false,"collectEmail":false}
19:58:08.870 INFO  library.BaseClass - txn ID & token is 201901301958085908cV02uM7 null
19:58:08.886 INFO  library.BaseClass - The temp token for 1144778865 logging in is 201901IN6019PUgXepVl2P20DNw146t2N
19:58:08.886 INFO  library.BaseClass - The userId of 1144778865 is 601301
19:58:09.060 INFO  library.BaseClass - IAP process res :{"code":401,"message":"Auth Errored!"}
19:58:09.216 INFO  library.BaseClass - Mock MPI res :{"code":401,"message":"Auth Errored!"}
19:58:09.232 INFO  library.BaseClass - OTP is 229829
19:58:09.232 INFO  library.BaseClass - The DVC for 1144778865 logging in is 229829
19:58:09.542 INFO  library.BaseClass - The complete login response : {"resCode":"000","resDesc":"SUCCESS","userId":"601301","userToken":"201901IN6019Pu216z4597L3Ln3vbE6CC","tempToken":null,"firstName":"test","middleName":"test","lastName":"test","lastLoginTime":1548858473514,"userAccessDataType":0,"profilePicAuthKey":null,"usersMobile":null,"hostDown":false,"userBankAc":[{"pcAccNumber":"IN162934859552","programId":"6019","accountKycLevel":10}],"unClaimedFunds":[],"availableBankListUpdateTime":null,"inflowUpdateTime":null,"outflowUpdateTime":null,"userSfLastUpdatedTime":"30572019075753","userDfLastUpdatedTime":"30572019075753","isForce":true,"forceAction":25,"forceActionMsg":"force user to seed Aadhar details","appUpdateUrl":null,"gcmRegistered":false,"gcmB64Hash":null,"deviceTrusted":true,"currentTrustedPhone":null,"simProofValidationStatus":null,"simValidationEnabled":true,"simValidationToPhoneNumbers":null,"publicKeyForDevice":"MFwwDQYJKoZIhvcNAQEBBQADSwAwSAJBAMe2CqmE0jUjHclIb0PApJgEuKAVP0c/LrBUggPQGvvcrzbNnzrTPa8Lkc7oJfrb10dy/9nomas90op/z51e0gMCAwEAAQ==","aesKeyForDevice":"xgciNz8HYYYSpZuv+ZjwXA==","fingerprintRegistered":false,"fingerprintB64Hash":null,"customerId":null,"customerIdSetStatus":0,"p2MerchantStatus":4,"customOfferAvailable":true,"accountKycLevel":10,"kycParamVersion":"18.06.21","walletStatus":1,"bankKycUrl":null}
19:58:09.771 INFO  library.BaseClass - Message hash res :











{"msgHash":"v2:WKycwxdDX3Fc0RZkWBgzKOk2iz0=", "merTxnId":"WPAYTXN1149937301846215", "txnDate" : "20190130"}
19:58:09.968 INFO  library.BaseClass - Charge res :{"resCode":"070","resDesc":"Message hash failed","data":null,"authenticationSuccessful":false,"chargeSuccessful":false,"chargeAttempted":false,"msgHash":null,"dataPickUpCode":null,"txnStatusCode":null,"txnStatusDesc":null,"wibmoTxnId":null,"merTxnId":null}
19:58:10.031 INFO  library.BaseClass - Init res :{"resCode":"070","resDesc":"MESSAGE HASH FAILED","wibmoCustomer":true,"registeredUas":"1234512345","accessStringType":0,"merchantInfo":{"merId":"81516121","merName":"Test Merchant","merCountryCode":"IN","merAppId":"1","merProgramId":"6019"},"transactionInfo":{"supportedPaymentType":["*"],"restrictedPaymentType":null,"txnAmount":100,"txnCurrency":"356","txnDesc":"For Movie Ticket","txnDate":null,"txnAmtKnown":true,"chargeLater":true,"merAppData":"This is Wibmo Test App","merTxnId":"WPAYTXN1149938622808533","merDataField":"This is for recon ","txnFormattedAmount":"Rs. 1.00"},"merchantReturnUrl":null,"merchantProgramId":"6019","wibmoTxnId":"201901301958097808uL55cY9","wibmoTxnToken":null,"webUrl":"https://app-pdc.pc.enstage-sas.com/checkout/?version=10803#!/payment/0/9nG31aD81eU8/201901301958097808uL55cY9/","msgHash":null,"screenTitle":null,"messageForUser":null,"messageType":0,"onusCardRequired":false,"preferredProgram":"","forceRegister":false,"isHalfRegistered":true,"isHalfRegistrationEnabled":true,"isBillingAddressAllowed":false,"isShippingAddressAllowed":false,"collectEmail":false}
19:58:10.031 INFO  library.BaseClass - txn ID & token is 201901301958097808uL55cY9 null
19:58:10.173 INFO  library.BaseClass - IAP process res :{"code":401,"message":"Auth Errored!"}
19:58:10.298 INFO  library.BaseClass - Message hash res :











{"msgHash":"v2:NFX5pqgyWF+mpqmOX3J7JWvFJW0=", "merTxnId":"WPAYTXN1149938622808533", "txnDate" : "20190130"}
19:58:10.445 INFO  library.BaseClass - Charge res :{"resCode":"070","resDesc":"Message hash failed","data":null,"authenticationSuccessful":false,"chargeSuccessful":false,"chargeAttempted":false,"msgHash":null,"dataPickUpCode":null,"txnStatusCode":null,"txnStatusDesc":null,"wibmoTxnId":null,"merTxnId":null}
20:15:29.634 INFO  library.BaseClass - Started
20:15:32.145 INFO  library.BaseClass - === Starting getSalt ===
20:15:32.145 INFO  library.BaseClass - https://api.pc.enstage-sas.com
20:15:40.468 INFO  library.BaseClass - Salt of 9986939965 is 0yA4oA1pR6hI8qQ9xD6g
20:15:40.468 INFO  library.BaseClass - The salt response is {"clusterInfo":{"urls":{"api":"https://api-pdc.pc.enstage-sas.com/","mpi":"https://wibmompistg-dw.pc.enstage-sas.com/","retailRecharge":"https://retailapi.pc.enstage-sas.com/","webSdk":"https://app-pdc.pc.enstage-sas.com/checkout/?version=10803#!/payment/","retailUtility":"https://retail.pc.enstage-sas.com/","walletWebRoot":"https://wallet.pc.enstage-sas.com/","nbBilldesk":"http://103.74.180.6:9090/","crossDcServerList":["https://api-sdc.pc.enstage-sas.com/"]},"csrTokenValidityMinutes":300,"nodeId":"blr_n1","version":"4.14.1.11"},"salt":"0yA4oA1pR6hI8qQ9xD6g"}
20:15:40.484 INFO  library.BaseClass - The data centre is https://api-pdc.pc.enstage-sas.com/
20:15:40.484 INFO  library.BaseClass - The salt for 9986939965 is 0yA4oA1pR6hI8qQ9xD6g
20:15:40.781 INFO  library.BaseClass - 

{"pwd":"CYkWTIuSx0/o5nxu++/2GINZyvA=", "key":"0yA4oA1pR6hI8qQ9xD6g", "encPwd":"CYkWTIuSx0%2Fo5nxu%2B%2B%2F2GINZyvA%3D"}

20:15:40.781 INFO  library.BaseClass - The generate encrypted pin response is 

{"pwd":"CYkWTIuSx0/o5nxu++/2GINZyvA=", "key":"0yA4oA1pR6hI8qQ9xD6g", "encPwd":"CYkWTIuSx0%2Fo5nxu%2B%2B%2F2GINZyvA%3D"}

20:15:40.781 INFO  library.BaseClass - The encrypted PIN is CYkWTIuSx0/o5nxu++/2GINZyvA=
20:15:46.586 INFO  library.BaseClass - The start login response is {"resCode":"000","resDesc":"SUCCESS","userId":"87101","userToken":null,"tempToken":"201901IN6019PrTyg9ri136yEj20L859p","firstName":null,"middleName":null,"lastName":null,"lastLoginTime":null,"userAccessDataType":0,"profilePicAuthKey":null,"usersMobile":["7338190532","9986939965"],"hostDown":false,"userBankAc":null,"unClaimedFunds":[],"availableBankListUpdateTime":null,"inflowUpdateTime":"1370935498378","outflowUpdateTime":"1370935498375","userSfLastUpdatedTime":null,"userDfLastUpdatedTime":null,"isForce":true,"forceAction":21,"forceActionMsg":"This device is not in your trusted list. Please provide requested information to continue accessing from this device.","appUpdateUrl":null,"gcmRegistered":false,"gcmB64Hash":null,"deviceTrusted":false,"currentTrustedPhone":null,"simProofValidationStatus":null,"simValidationEnabled":true,"simValidationToPhoneNumbers":"+919220092200,+919243762535","publicKeyForDevice":null,"aesKeyForDevice":null,"fingerprintRegistered":false,"fingerprintB64Hash":null,"customerId":null,"customerIdSetStatus":0,"p2MerchantStatus":4,"customOfferAvailable":false,"accountKycLevel":0,"kycParamVersion":null,"walletStatus":0,"bankKycUrl":null}
20:15:46.618 INFO  library.BaseClass - The temp token for 9986939965 logging in is 201901IN6019PrTyg9ri136yEj20L859p
20:15:46.649 INFO  library.BaseClass - The userId of 9986939965 is 87101
20:15:47.024 INFO  library.BaseClass - OTP is 605505
20:15:47.024 INFO  library.BaseClass - The DVC for 9986939965 logging in is 605505
20:15:47.258 INFO  library.BaseClass - The complete login response : {"resCode":"000","resDesc":"SUCCESS","userId":"87101","userToken":"201901IN6019P6I69A7Q1KsV6Y2ulrYEv","tempToken":null,"firstName":"Prathyush","middleName":"Gopinath","lastName":"Paratddf","lastLoginTime":1548858473000,"userAccessDataType":0,"profilePicAuthKey":null,"usersMobile":null,"hostDown":false,"userBankAc":[{"pcAccNumber":"IN062090334723","programId":"6019","accountKycLevel":100}],"unClaimedFunds":[],"availableBankListUpdateTime":null,"inflowUpdateTime":null,"outflowUpdateTime":null,"userSfLastUpdatedTime":null,"userDfLastUpdatedTime":null,"isForce":false,"forceAction":0,"forceActionMsg":null,"appUpdateUrl":null,"gcmRegistered":true,"gcmB64Hash":"O7aD3BcEAzJwNfzt8bFl2ZG7m+SFHvkp2LVS4jgVaMA=","deviceTrusted":true,"currentTrustedPhone":null,"simProofValidationStatus":null,"simValidationEnabled":true,"simValidationToPhoneNumbers":null,"publicKeyForDevice":"MFwwDQYJKoZIhvcNAQEBBQADSwAwSAJBAIarjjwcseyRCoSdNMH6oWP/2hcIO9pNKyV5T48+vbqOmgtu/P0g4RdC+9+KEsGql3+iQe2793iwbSPjGNwmgDECAwEAAQ==","aesKeyForDevice":"wCuGgozTec2py8q3gle/MQ==","fingerprintRegistered":false,"fingerprintB64Hash":null,"customerId":null,"customerIdSetStatus":0,"p2MerchantStatus":4,"customOfferAvailable":true,"accountKycLevel":100,"kycParamVersion":"18.06.21","walletStatus":1,"bankKycUrl":null}
20:15:47.258 INFO  library.BaseClass - Logging 9986939965 out
20:15:47.289 INFO  library.BaseClass - user ID to logout :87101
20:15:47.305 INFO  library.BaseClass - userAuthToken to logout :201901IN6019P6I69A7Q1KsV6Y2ulrYEv
20:15:47.305 INFO  library.BaseClass - DC for logging out : https://api-pdc.pc.enstage-sas.com/
20:15:47.789 INFO  library.BaseClass - Logout response : <html>
<head>
	<title>Error Page</title>
	<style type="text/css">
	BODY{ COLOR: #333333; FONT-FAMILY: verdana,sans-serif,Arial,Tahoma }
	HR {  COLOR: #6699cc}TD { COLOR: #333333; FONT-FAMILY: verdana,sans-serif,Arial,Tahoma; font-size:8pt;}
	</style>
</head>
<body topmargin="0" leftmargin="0" bgcolor="#ffffff" marginwidth="0" marginheight="0">
<table cellpadding="0" cellspacing="0" border="0" width="100%">
<tr><td bgcolor="#84C1FF" valign="middle"><p align="right">&nbsp;<font style="font-size:7pt;color:#FFFFFF"><b>&nbsp;</b>&nbsp;</font></p></td></tr>
<tr><td>
	<table cellpadding="5" cellspacing="0" border="0" width="100%">
	<tr><td colspan="2">
		<BR>&nbsp;<BR>
		<font size="3"><CENTER><b>Service Unavailable</b></CENTER></font>
		<BR>&nbsp;<BR>
	</td></tr>
	</table>
</td></tr>
</table>
</body>
</html>


20:15:48.506 INFO  library.BaseClass - === Starting getSalt ===
20:15:48.506 INFO  library.BaseClass - https://api.pc.enstage-sas.com
20:15:48.648 INFO  library.BaseClass - Salt of 1144778861 is 4uG2eR1dH6vM5vX8kA4r
20:15:48.648 INFO  library.BaseClass - The salt response is {"clusterInfo":{"urls":{"api":"https://api-pdc.pc.enstage-sas.com/","mpi":"https://wibmompistg-dw.pc.enstage-sas.com/","retailRecharge":"https://retailapi.pc.enstage-sas.com/","webSdk":"https://app-pdc.pc.enstage-sas.com/checkout/?version=10803#!/payment/","retailUtility":"https://retail.pc.enstage-sas.com/","walletWebRoot":"https://wallet.pc.enstage-sas.com/","nbBilldesk":"http://103.74.180.6:9090/","crossDcServerList":["https://api-sdc.pc.enstage-sas.com/"]},"csrTokenValidityMinutes":300,"nodeId":"blr_n3","version":"4.14.1.11"},"salt":"4uG2eR1dH6vM5vX8kA4r"}
20:15:48.648 INFO  library.BaseClass - The data centre is https://api-pdc.pc.enstage-sas.com/
20:15:48.663 INFO  library.BaseClass - The salt for 1144778861 is 4uG2eR1dH6vM5vX8kA4r
20:15:48.804 INFO  library.BaseClass - 

{"pwd":"xpDGlDs0JkwcV02NCYGdfW7xDjk=", "key":"4uG2eR1dH6vM5vX8kA4r", "encPwd":"xpDGlDs0JkwcV02NCYGdfW7xDjk%3D"}

20:15:48.804 INFO  library.BaseClass - The generate encrypted pin response is 

{"pwd":"xpDGlDs0JkwcV02NCYGdfW7xDjk=", "key":"4uG2eR1dH6vM5vX8kA4r", "encPwd":"xpDGlDs0JkwcV02NCYGdfW7xDjk%3D"}

20:15:48.819 INFO  library.BaseClass - The encrypted PIN is xpDGlDs0JkwcV02NCYGdfW7xDjk=
20:15:49.038 INFO  library.BaseClass - The start login response is {"resCode":"101","resDesc":"BLOCKED","userId":null,"userToken":null,"tempToken":null,"firstName":null,"middleName":null,"lastName":null,"lastLoginTime":null,"userAccessDataType":0,"profilePicAuthKey":null,"usersMobile":null,"hostDown":false,"userBankAc":null,"unClaimedFunds":null,"availableBankListUpdateTime":null,"inflowUpdateTime":null,"outflowUpdateTime":null,"userSfLastUpdatedTime":null,"userDfLastUpdatedTime":null,"isForce":false,"forceAction":0,"forceActionMsg":null,"appUpdateUrl":null,"gcmRegistered":false,"gcmB64Hash":null,"deviceTrusted":false,"currentTrustedPhone":null,"simProofValidationStatus":null,"simValidationEnabled":false,"simValidationToPhoneNumbers":null,"publicKeyForDevice":null,"aesKeyForDevice":null,"fingerprintRegistered":false,"fingerprintB64Hash":null,"customerId":null,"customerIdSetStatus":0,"p2MerchantStatus":0,"customOfferAvailable":false,"accountKycLevel":0,"kycParamVersion":null,"walletStatus":0,"bankKycUrl":null}
20:15:49.069 INFO  library.BaseClass - The temp token for 1144778861 logging in is null
20:15:49.084 INFO  library.BaseClass - The userId of 1144778861 is null
20:15:49.303 INFO  library.BaseClass - OTP is 383098
20:15:49.303 INFO  library.BaseClass - The DVC for 1144778861 logging in is 383098
20:15:49.474 INFO  library.BaseClass - The complete login response : {"resCode":"051","resDesc":"INTERNAL ERROR","userId":null,"userToken":null,"tempToken":null,"firstName":null,"middleName":null,"lastName":null,"lastLoginTime":null,"userAccessDataType":0,"profilePicAuthKey":null,"usersMobile":null,"hostDown":false,"userBankAc":null,"unClaimedFunds":null,"availableBankListUpdateTime":null,"inflowUpdateTime":null,"outflowUpdateTime":null,"userSfLastUpdatedTime":null,"userDfLastUpdatedTime":null,"isForce":false,"forceAction":0,"forceActionMsg":null,"appUpdateUrl":null,"gcmRegistered":false,"gcmB64Hash":null,"deviceTrusted":false,"currentTrustedPhone":null,"simProofValidationStatus":null,"simValidationEnabled":false,"simValidationToPhoneNumbers":null,"publicKeyForDevice":null,"aesKeyForDevice":null,"fingerprintRegistered":false,"fingerprintB64Hash":null,"customerId":null,"customerIdSetStatus":0,"p2MerchantStatus":0,"customOfferAvailable":false,"accountKycLevel":0,"kycParamVersion":null,"walletStatus":0,"bankKycUrl":null}
20:15:49.552 INFO  library.BaseClass - === Starting getSalt ===
20:15:49.552 INFO  library.BaseClass - https://api.pc.enstage-sas.com
20:15:49.756 INFO  library.BaseClass - Salt of 1144778862 is 7vH8qS0yQ5fN8gB7kA0h
20:15:49.756 INFO  library.BaseClass - The salt response is {"clusterInfo":{"urls":{"api":"https://api-pdc.pc.enstage-sas.com/","mpi":"https://wibmompistg-dw.pc.enstage-sas.com/","retailRecharge":"https://retailapi.pc.enstage-sas.com/","webSdk":"https://app-pdc.pc.enstage-sas.com/checkout/?version=10803#!/payment/","retailUtility":"https://retail.pc.enstage-sas.com/","walletWebRoot":"https://wallet.pc.enstage-sas.com/","nbBilldesk":"http://103.74.180.6:9090/","crossDcServerList":["https://api-sdc.pc.enstage-sas.com/"]},"csrTokenValidityMinutes":300,"nodeId":"blr_n3","version":"4.14.1.11"},"salt":"7vH8qS0yQ5fN8gB7kA0h"}
20:15:49.756 INFO  library.BaseClass - The data centre is https://api-pdc.pc.enstage-sas.com/
20:15:49.772 INFO  library.BaseClass - The salt for 1144778862 is 7vH8qS0yQ5fN8gB7kA0h
20:15:49.881 INFO  library.BaseClass - 

{"pwd":"KpHndKKIng4Is7rixJGXZ2y2U8s=", "key":"7vH8qS0yQ5fN8gB7kA0h", "encPwd":"KpHndKKIng4Is7rixJGXZ2y2U8s%3D"}

20:15:49.881 INFO  library.BaseClass - The generate encrypted pin response is 

{"pwd":"KpHndKKIng4Is7rixJGXZ2y2U8s=", "key":"7vH8qS0yQ5fN8gB7kA0h", "encPwd":"KpHndKKIng4Is7rixJGXZ2y2U8s%3D"}

20:15:49.897 INFO  library.BaseClass - The encrypted PIN is KpHndKKIng4Is7rixJGXZ2y2U8s=
20:15:50.037 INFO  library.BaseClass - The start login response is {"resCode":"100","resDesc":"BAD_PWD","userId":null,"userToken":null,"tempToken":null,"firstName":null,"middleName":null,"lastName":null,"lastLoginTime":null,"userAccessDataType":0,"profilePicAuthKey":null,"usersMobile":null,"hostDown":false,"userBankAc":null,"unClaimedFunds":null,"availableBankListUpdateTime":null,"inflowUpdateTime":null,"outflowUpdateTime":null,"userSfLastUpdatedTime":null,"userDfLastUpdatedTime":null,"isForce":false,"forceAction":0,"forceActionMsg":null,"appUpdateUrl":null,"gcmRegistered":false,"gcmB64Hash":null,"deviceTrusted":false,"currentTrustedPhone":null,"simProofValidationStatus":null,"simValidationEnabled":false,"simValidationToPhoneNumbers":null,"publicKeyForDevice":null,"aesKeyForDevice":null,"fingerprintRegistered":false,"fingerprintB64Hash":null,"customerId":null,"customerIdSetStatus":0,"p2MerchantStatus":0,"customOfferAvailable":false,"accountKycLevel":0,"kycParamVersion":null,"walletStatus":0,"bankKycUrl":null}
20:15:50.053 INFO  library.BaseClass - The temp token for 1144778862 logging in is null
20:15:50.068 INFO  library.BaseClass - The userId of 1144778862 is null
20:15:50.193 INFO  library.BaseClass - OTP is 087136
20:15:50.193 INFO  library.BaseClass - The DVC for 1144778862 logging in is 087136
20:15:50.396 INFO  library.BaseClass - The complete login response : {"resCode":"051","resDesc":"INTERNAL ERROR","userId":null,"userToken":null,"tempToken":null,"firstName":null,"middleName":null,"lastName":null,"lastLoginTime":null,"userAccessDataType":0,"profilePicAuthKey":null,"usersMobile":null,"hostDown":false,"userBankAc":null,"unClaimedFunds":null,"availableBankListUpdateTime":null,"inflowUpdateTime":null,"outflowUpdateTime":null,"userSfLastUpdatedTime":null,"userDfLastUpdatedTime":null,"isForce":false,"forceAction":0,"forceActionMsg":null,"appUpdateUrl":null,"gcmRegistered":false,"gcmB64Hash":null,"deviceTrusted":false,"currentTrustedPhone":null,"simProofValidationStatus":null,"simValidationEnabled":false,"simValidationToPhoneNumbers":null,"publicKeyForDevice":null,"aesKeyForDevice":null,"fingerprintRegistered":false,"fingerprintB64Hash":null,"customerId":null,"customerIdSetStatus":0,"p2MerchantStatus":0,"customOfferAvailable":false,"accountKycLevel":0,"kycParamVersion":null,"walletStatus":0,"bankKycUrl":null}
20:15:50.489 INFO  library.BaseClass - === Starting getSalt ===
20:15:50.489 INFO  library.BaseClass - https://api.pc.enstage-sas.com
20:15:50.661 INFO  library.BaseClass - Salt of 9986939965 is 5mC4fK5dB2bJ0cQ5sR3p
20:15:50.661 INFO  library.BaseClass - === Starting getSalt ===
20:15:50.661 INFO  library.BaseClass - https://api.pc.enstage-sas.com
20:15:50.787 INFO  library.BaseClass - Salt of 1144778863 is 9zP8kV5tF9zX5zZ0pC3j
20:15:50.974 INFO  library.BaseClass - 

{"pwd":"DqBs1dxokwnuEHwpzlmRFq1Y0yI=", "key":"5mC4fK5dB2bJ0cQ5sR3p", "encPwd":"DqBs1dxokwnuEHwpzlmRFq1Y0yI%3D"}

20:15:51.208 INFO  library.BaseClass - === Starting getSalt ===
20:15:51.208 INFO  library.BaseClass - https://api.pc.enstage-sas.com
20:15:51.364 INFO  library.BaseClass - Salt of 1144778865 is 4iC8lU0pR4oE6tC2cM5k
20:15:51.364 INFO  library.BaseClass - The salt response is {"clusterInfo":{"urls":{"api":"https://api-pdc.pc.enstage-sas.com/","mpi":"https://wibmompistg-dw.pc.enstage-sas.com/","retailRecharge":"https://retailapi.pc.enstage-sas.com/","webSdk":"https://app-pdc.pc.enstage-sas.com/checkout/?version=10803#!/payment/","retailUtility":"https://retail.pc.enstage-sas.com/","walletWebRoot":"https://wallet.pc.enstage-sas.com/","nbBilldesk":"http://103.74.180.6:9090/","crossDcServerList":["https://api-sdc.pc.enstage-sas.com/"]},"csrTokenValidityMinutes":300,"nodeId":"blr_n3","version":"4.14.1.11"},"salt":"4iC8lU0pR4oE6tC2cM5k"}
20:15:51.380 INFO  library.BaseClass - The data centre is https://api-pdc.pc.enstage-sas.com/
20:15:51.395 INFO  library.BaseClass - The salt for 1144778865 is 4iC8lU0pR4oE6tC2cM5k
20:15:51.551 INFO  library.BaseClass - 

{"pwd":"8/CyqMMCO2D9POEWvHAO5Wjcmcc=", "key":"4iC8lU0pR4oE6tC2cM5k", "encPwd":"8%2FCyqMMCO2D9POEWvHAO5Wjcmcc%3D"}

20:15:51.567 INFO  library.BaseClass - The generate encrypted pin response is 

{"pwd":"8/CyqMMCO2D9POEWvHAO5Wjcmcc=", "key":"4iC8lU0pR4oE6tC2cM5k", "encPwd":"8%2FCyqMMCO2D9POEWvHAO5Wjcmcc%3D"}

20:15:51.567 INFO  library.BaseClass - The encrypted PIN is 8/CyqMMCO2D9POEWvHAO5Wjcmcc=
20:15:51.816 INFO  library.BaseClass - The start login response is {"resCode":"000","resDesc":"SUCCESS","userId":"601301","userToken":null,"tempToken":"201901IN6019Pm2gwBCVRrE2sYWkvE1uO","firstName":null,"middleName":null,"lastName":null,"lastLoginTime":null,"userAccessDataType":0,"profilePicAuthKey":null,"usersMobile":["1144778865"],"hostDown":false,"userBankAc":null,"unClaimedFunds":[],"availableBankListUpdateTime":null,"inflowUpdateTime":"1370935498378","outflowUpdateTime":"1370935498375","userSfLastUpdatedTime":null,"userDfLastUpdatedTime":null,"isForce":true,"forceAction":21,"forceActionMsg":"This device is not in your trusted list. Please provide requested information to continue accessing from this device.","appUpdateUrl":null,"gcmRegistered":false,"gcmB64Hash":null,"deviceTrusted":false,"currentTrustedPhone":null,"simProofValidationStatus":null,"simValidationEnabled":true,"simValidationToPhoneNumbers":"+919220092200,+919243762535","publicKeyForDevice":null,"aesKeyForDevice":null,"fingerprintRegistered":false,"fingerprintB64Hash":null,"customerId":null,"customerIdSetStatus":0,"p2MerchantStatus":4,"customOfferAvailable":false,"accountKycLevel":0,"kycParamVersion":null,"walletStatus":0,"bankKycUrl":null}
20:15:51.848 INFO  library.BaseClass - The temp token for 1144778865 logging in is 201901IN6019Pm2gwBCVRrE2sYWkvE1uO
20:15:51.879 INFO  library.BaseClass - The userId of 1144778865 is 601301
20:15:52.051 INFO  library.BaseClass - OTP is 235210
20:15:52.051 INFO  library.BaseClass - The DVC for 1144778865 logging in is 235210
20:15:52.363 INFO  library.BaseClass - The complete login response : {"resCode":"000","resDesc":"SUCCESS","userId":"601301","userToken":"201901IN6019PAM3jvMVPa81JS2VUW5U1","tempToken":null,"firstName":"test","middleName":"test","lastName":"test","lastLoginTime":1548858489000,"userAccessDataType":0,"profilePicAuthKey":null,"usersMobile":null,"hostDown":false,"userBankAc":[{"pcAccNumber":"IN162934859552","programId":"6019","accountKycLevel":10}],"unClaimedFunds":[],"availableBankListUpdateTime":null,"inflowUpdateTime":null,"outflowUpdateTime":null,"userSfLastUpdatedTime":"30152019081551","userDfLastUpdatedTime":"30152019081551","isForce":true,"forceAction":25,"forceActionMsg":"force user to seed Aadhar details","appUpdateUrl":null,"gcmRegistered":false,"gcmB64Hash":null,"deviceTrusted":true,"currentTrustedPhone":null,"simProofValidationStatus":null,"simValidationEnabled":true,"simValidationToPhoneNumbers":null,"publicKeyForDevice":"MFwwDQYJKoZIhvcNAQEBBQADSwAwSAJBAJ+VgQ+WBaqxbp4sIDcTC8XXNqp8z6VHS+cOshBhh45U8Gn+4oJ6K1kHbQKxYyIgCI+altrw+2WNO/miYyv6/L0CAwEAAQ==","aesKeyForDevice":"1Nm6NLtnibJRMNTXYVBs1g==","fingerprintRegistered":false,"fingerprintB64Hash":null,"customerId":null,"customerIdSetStatus":0,"p2MerchantStatus":4,"customOfferAvailable":true,"accountKycLevel":10,"kycParamVersion":"18.06.21","walletStatus":1,"bankKycUrl":null}
20:15:52.363 INFO  library.BaseClass - IAP API method executing
20:15:52.738 INFO  library.BaseClass - Init res :{"resCode":"070","resDesc":"MESSAGE HASH FAILED","wibmoCustomer":true,"registeredUas":"1234512345","accessStringType":0,"merchantInfo":{"merId":"81516121","merName":"Test Merchant","merCountryCode":"IN","merAppId":"1","merProgramId":"6019"},"transactionInfo":{"supportedPaymentType":["*"],"restrictedPaymentType":null,"txnAmount":100,"txnCurrency":"356","txnDesc":"For Movie Ticket","txnDate":null,"txnAmtKnown":true,"chargeLater":true,"merAppData":"This is Wibmo Test App","merTxnId":"WPAYTXN1151001383315543","merDataField":"This is for recon ","txnFormattedAmount":"Rs. 1.00"},"merchantReturnUrl":null,"merchantProgramId":"6019","wibmoTxnId":"201901302015525187uC64zM2","wibmoTxnToken":null,"webUrl":"https://app-pdc.pc.enstage-sas.com/checkout/?version=10803#!/payment/0/5zU47nZ41zE5/201901302015525187uC64zM2/","msgHash":null,"screenTitle":null,"messageForUser":null,"messageType":0,"onusCardRequired":false,"preferredProgram":"","forceRegister":false,"isHalfRegistered":true,"isHalfRegistrationEnabled":true,"isBillingAddressAllowed":false,"isShippingAddressAllowed":false,"collectEmail":false}
20:15:52.738 INFO  library.BaseClass - txn ID & token is 201901302015525187uC64zM2 null
20:15:53.175 INFO  library.BaseClass - IAP process res :<html>
<head>
	<title>Error Page</title>
	<style type="text/css">
	BODY{ COLOR: #333333; FONT-FAMILY: verdana,sans-serif,Arial,Tahoma }
	HR {  COLOR: #6699cc}TD { COLOR: #333333; FONT-FAMILY: verdana,sans-serif,Arial,Tahoma; font-size:8pt;}
	</style>
</head>
<body topmargin="0" leftmargin="0" bgcolor="#ffffff" marginwidth="0" marginheight="0">
<table cellpadding="0" cellspacing="0" border="0" width="100%">
<tr><td bgcolor="#84C1FF" valign="middle"><p align="right">&nbsp;<font style="font-size:7pt;color:#FFFFFF"><b>&nbsp;</b>&nbsp;</font></p></td></tr>
<tr><td>
	<table cellpadding="5" cellspacing="0" border="0" width="100%">
	<tr><td colspan="2">
		<BR>&nbsp;<BR>
		<font size="3"><CENTER><b>Service Unavailable</b></CENTER></font>
		<BR>&nbsp;<BR>
	</td></tr>
	</table>
</td></tr>
</table>
</body>
</html>


20:15:53.300 INFO  library.BaseClass - Mock MPI res :{"code":401,"message":"Auth Errored!"}
20:15:53.425 INFO  library.BaseClass - Message hash res :











{"msgHash":"v2:nZDg2LjPAirtx5GJAndfG6ZNk3E=", "merTxnId":"WPAYTXN1151001383315543", "txnDate" : "20190130"}
20:15:53.566 INFO  library.BaseClass - Charge res :{"resCode":"070","resDesc":"Message hash failed","data":null,"authenticationSuccessful":false,"chargeSuccessful":false,"chargeAttempted":false,"msgHash":null,"dataPickUpCode":null,"txnStatusCode":null,"txnStatusDesc":null,"wibmoTxnId":null,"merTxnId":null}
20:15:53.706 INFO  library.BaseClass - === Starting getSalt ===
20:15:53.706 INFO  library.BaseClass - https://api.pc.enstage-sas.com
20:15:53.846 INFO  library.BaseClass - Salt of 1144778865 is 1nS1eM0aN9pO4oS5sF3t
20:15:53.846 INFO  library.BaseClass - The salt response is {"clusterInfo":{"urls":{"api":"https://api-pdc.pc.enstage-sas.com/","mpi":"https://wibmompistg-dw.pc.enstage-sas.com/","retailRecharge":"https://retailapi.pc.enstage-sas.com/","webSdk":"https://app-pdc.pc.enstage-sas.com/checkout/?version=10803#!/payment/","retailUtility":"https://retail.pc.enstage-sas.com/","walletWebRoot":"https://wallet.pc.enstage-sas.com/","nbBilldesk":"http://103.74.180.6:9090/","crossDcServerList":["https://api-sdc.pc.enstage-sas.com/"]},"csrTokenValidityMinutes":300,"nodeId":"blr_n1","version":"4.14.1.11"},"salt":"1nS1eM0aN9pO4oS5sF3t"}
20:15:53.862 INFO  library.BaseClass - The data centre is https://api-pdc.pc.enstage-sas.com/
20:15:53.862 INFO  library.BaseClass - The salt for 1144778865 is 1nS1eM0aN9pO4oS5sF3t
20:15:53.971 INFO  library.BaseClass - 

{"pwd":"RfnOFEtXQiIymlJPsguDtc/S9oQ=", "key":"1nS1eM0aN9pO4oS5sF3t", "encPwd":"RfnOFEtXQiIymlJPsguDtc%2FS9oQ%3D"}

20:15:53.971 INFO  library.BaseClass - The generate encrypted pin response is 

{"pwd":"RfnOFEtXQiIymlJPsguDtc/S9oQ=", "key":"1nS1eM0aN9pO4oS5sF3t", "encPwd":"RfnOFEtXQiIymlJPsguDtc%2FS9oQ%3D"}

20:15:53.971 INFO  library.BaseClass - The encrypted PIN is RfnOFEtXQiIymlJPsguDtc/S9oQ=
20:15:54.174 INFO  library.BaseClass - The start login response is {"resCode":"000","resDesc":"SUCCESS","userId":"601301","userToken":null,"tempToken":"201901IN6019Ps0tiuXs15kMizJ7nKHOz","firstName":null,"middleName":null,"lastName":null,"lastLoginTime":null,"userAccessDataType":0,"profilePicAuthKey":null,"usersMobile":["1144778865"],"hostDown":false,"userBankAc":null,"unClaimedFunds":[],"availableBankListUpdateTime":null,"inflowUpdateTime":"1370935498378","outflowUpdateTime":"1370935498375","userSfLastUpdatedTime":null,"userDfLastUpdatedTime":null,"isForce":true,"forceAction":21,"forceActionMsg":"This device is not in your trusted list. Please provide requested information to continue accessing from this device.","appUpdateUrl":null,"gcmRegistered":false,"gcmB64Hash":null,"deviceTrusted":false,"currentTrustedPhone":null,"simProofValidationStatus":null,"simValidationEnabled":true,"simValidationToPhoneNumbers":"+919220092200,+919243762535","publicKeyForDevice":null,"aesKeyForDevice":null,"fingerprintRegistered":false,"fingerprintB64Hash":null,"customerId":null,"customerIdSetStatus":0,"p2MerchantStatus":4,"customOfferAvailable":false,"accountKycLevel":0,"kycParamVersion":null,"walletStatus":0,"bankKycUrl":null}
20:15:54.174 INFO  library.BaseClass - The temp token for 1144778865 logging in is 201901IN6019Ps0tiuXs15kMizJ7nKHOz
20:15:54.190 INFO  library.BaseClass - The userId of 1144778865 is 601301
20:15:54.362 INFO  library.BaseClass - OTP is 816510
20:15:54.362 INFO  library.BaseClass - The DVC for 1144778865 logging in is 816510
20:15:54.456 INFO  library.BaseClass - The complete login response : <html>
<head>
	<title>Error Page</title>
	<style type="text/css">
	BODY{ COLOR: #333333; FONT-FAMILY: verdana,sans-serif,Arial,Tahoma }
	HR {  COLOR: #6699cc}TD { COLOR: #333333; FONT-FAMILY: verdana,sans-serif,Arial,Tahoma; font-size:8pt;}
	</style>
</head>
<body topmargin="0" leftmargin="0" bgcolor="#ffffff" marginwidth="0" marginheight="0">
<table cellpadding="0" cellspacing="0" border="0" width="100%">
<tr><td bgcolor="#84C1FF" valign="middle"><p align="right">&nbsp;<font style="font-size:7pt;color:#FFFFFF"><b>&nbsp;</b>&nbsp;</font></p></td></tr>
<tr><td>
	<table cellpadding="5" cellspacing="0" border="0" width="100%">
	<tr><td colspan="2">
		<BR>&nbsp;<BR>
		<font size="3"><CENTER><b>Service Unavailable</b></CENTER></font>
		<BR>&nbsp;<BR>
	</td></tr>
	</table>
</td></tr>
</table>
</body>
</html>


20:15:54.487 INFO  library.BaseClass - === Starting getSalt ===
20:15:54.487 INFO  library.BaseClass - https://api.pc.enstage-sas.com
20:15:54.612 INFO  library.BaseClass - Salt of 1144778866 is 9qU7iT1jY3pE2fS6gO5n
20:15:54.612 INFO  library.BaseClass - The salt response is {"clusterInfo":{"urls":{"api":"https://api-pdc.pc.enstage-sas.com/","mpi":"https://wibmompistg-dw.pc.enstage-sas.com/","retailRecharge":"https://retailapi.pc.enstage-sas.com/","webSdk":"https://app-pdc.pc.enstage-sas.com/checkout/?version=10803#!/payment/","retailUtility":"https://retail.pc.enstage-sas.com/","walletWebRoot":"https://wallet.pc.enstage-sas.com/","nbBilldesk":"http://103.74.180.6:9090/","crossDcServerList":["https://api-sdc.pc.enstage-sas.com/"]},"csrTokenValidityMinutes":300,"nodeId":"blr_n1","version":"4.14.1.11"},"salt":"9qU7iT1jY3pE2fS6gO5n"}
20:15:54.627 INFO  library.BaseClass - The data centre is https://api-pdc.pc.enstage-sas.com/
20:15:54.643 INFO  library.BaseClass - The salt for 1144778866 is 9qU7iT1jY3pE2fS6gO5n
20:15:54.783 INFO  library.BaseClass - 

{"pwd":"ED/NMb3b8HzOKffNjV564kB3O5w=", "key":"9qU7iT1jY3pE2fS6gO5n", "encPwd":"ED%2FNMb3b8HzOKffNjV564kB3O5w%3D"}

20:15:54.783 INFO  library.BaseClass - The generate encrypted pin response is 

{"pwd":"ED/NMb3b8HzOKffNjV564kB3O5w=", "key":"9qU7iT1jY3pE2fS6gO5n", "encPwd":"ED%2FNMb3b8HzOKffNjV564kB3O5w%3D"}

20:15:54.799 INFO  library.BaseClass - The encrypted PIN is ED/NMb3b8HzOKffNjV564kB3O5w=
20:15:54.893 INFO  library.BaseClass - The start login response is <html>
<head>
	<title>Error Page</title>
	<style type="text/css">
	BODY{ COLOR: #333333; FONT-FAMILY: verdana,sans-serif,Arial,Tahoma }
	HR {  COLOR: #6699cc}TD { COLOR: #333333; FONT-FAMILY: verdana,sans-serif,Arial,Tahoma; font-size:8pt;}
	</style>
</head>
<body topmargin="0" leftmargin="0" bgcolor="#ffffff" marginwidth="0" marginheight="0">
<table cellpadding="0" cellspacing="0" border="0" width="100%">
<tr><td bgcolor="#84C1FF" valign="middle"><p align="right">&nbsp;<font style="font-size:7pt;color:#FFFFFF"><b>&nbsp;</b>&nbsp;</font></p></td></tr>
<tr><td>
	<table cellpadding="5" cellspacing="0" border="0" width="100%">
	<tr><td colspan="2">
		<BR>&nbsp;<BR>
		<font size="3"><CENTER><b>Service Unavailable</b></CENTER></font>
		<BR>&nbsp;<BR>
	</td></tr>
	</table>
</td></tr>
</table>
</body>
</html>


20:15:54.955 INFO  library.BaseClass - === Starting getSalt ===
20:15:54.955 INFO  library.BaseClass - https://api.pc.enstage-sas.com
20:15:55.111 INFO  library.BaseClass - Salt of 2233665548 is 4gV4dP1oB9pO7vB2cQ0c
20:15:55.111 INFO  library.BaseClass - The salt response is {"clusterInfo":{"urls":{"api":"https://api-pdc.pc.enstage-sas.com/","mpi":"https://wibmompistg-dw.pc.enstage-sas.com/","retailRecharge":"https://retailapi.pc.enstage-sas.com/","webSdk":"https://app-pdc.pc.enstage-sas.com/checkout/?version=10803#!/payment/","retailUtility":"https://retail.pc.enstage-sas.com/","walletWebRoot":"https://wallet.pc.enstage-sas.com/","nbBilldesk":"http://103.74.180.6:9090/","crossDcServerList":["https://api-sdc.pc.enstage-sas.com/"]},"csrTokenValidityMinutes":300,"nodeId":"blr_n3","version":"4.14.1.11"},"salt":"4gV4dP1oB9pO7vB2cQ0c"}
20:15:55.111 INFO  library.BaseClass - The data centre is https://api-pdc.pc.enstage-sas.com/
20:15:55.127 INFO  library.BaseClass - The salt for 2233665548 is 4gV4dP1oB9pO7vB2cQ0c
20:15:55.236 INFO  library.BaseClass - 

{"pwd":"BKN9CZ0JuT1lR4PQaRRSZXZbsug=", "key":"4gV4dP1oB9pO7vB2cQ0c", "encPwd":"BKN9CZ0JuT1lR4PQaRRSZXZbsug%3D"}

20:15:55.236 INFO  library.BaseClass - The generate encrypted pin response is 

{"pwd":"BKN9CZ0JuT1lR4PQaRRSZXZbsug=", "key":"4gV4dP1oB9pO7vB2cQ0c", "encPwd":"BKN9CZ0JuT1lR4PQaRRSZXZbsug%3D"}

20:15:55.251 INFO  library.BaseClass - The encrypted PIN is BKN9CZ0JuT1lR4PQaRRSZXZbsug=
20:15:55.384 INFO  library.BaseClass - The start login response is <html>
<head>
	<title>Error Page</title>
	<style type="text/css">
	BODY{ COLOR: #333333; FONT-FAMILY: verdana,sans-serif,Arial,Tahoma }
	HR {  COLOR: #6699cc}TD { COLOR: #333333; FONT-FAMILY: verdana,sans-serif,Arial,Tahoma; font-size:8pt;}
	</style>
</head>
<body topmargin="0" leftmargin="0" bgcolor="#ffffff" marginwidth="0" marginheight="0">
<table cellpadding="0" cellspacing="0" border="0" width="100%">
<tr><td bgcolor="#84C1FF" valign="middle"><p align="right">&nbsp;<font style="font-size:7pt;color:#FFFFFF"><b>&nbsp;</b>&nbsp;</font></p></td></tr>
<tr><td>
	<table cellpadding="5" cellspacing="0" border="0" width="100%">
	<tr><td colspan="2">
		<BR>&nbsp;<BR>
		<font size="3"><CENTER><b>Service Unavailable</b></CENTER></font>
		<BR>&nbsp;<BR>
	</td></tr>
	</table>
</td></tr>
</table>
</body>
</html>


20:15:55.416 INFO  library.BaseClass - === Starting getSalt ===
20:15:55.416 INFO  library.BaseClass - https://api.pc.enstage-sas.com
20:15:55.603 INFO  library.BaseClass - Salt of 9986939965 is 7rF6sU6sX6fP5aC2wJ4k
20:15:55.603 INFO  library.BaseClass - The salt response is {"clusterInfo":{"urls":{"api":"https://api-pdc.pc.enstage-sas.com/","mpi":"https://wibmompistg-dw.pc.enstage-sas.com/","retailRecharge":"https://retailapi.pc.enstage-sas.com/","webSdk":"https://app-pdc.pc.enstage-sas.com/checkout/?version=10803#!/payment/","retailUtility":"https://retail.pc.enstage-sas.com/","walletWebRoot":"https://wallet.pc.enstage-sas.com/","nbBilldesk":"http://103.74.180.6:9090/","crossDcServerList":["https://api-sdc.pc.enstage-sas.com/"]},"csrTokenValidityMinutes":300,"nodeId":"blr_n1","version":"4.14.1.11"},"salt":"7rF6sU6sX6fP5aC2wJ4k"}
20:15:55.603 INFO  library.BaseClass - The data centre is https://api-pdc.pc.enstage-sas.com/
20:15:55.603 INFO  library.BaseClass - The salt for 9986939965 is 7rF6sU6sX6fP5aC2wJ4k
20:15:55.743 INFO  library.BaseClass - 

{"pwd":"SjmSoExtT5I/NnUFtFChtHWZrOk=", "key":"7rF6sU6sX6fP5aC2wJ4k", "encPwd":"SjmSoExtT5I%2FNnUFtFChtHWZrOk%3D"}

20:15:55.743 INFO  library.BaseClass - The generate encrypted pin response is 

{"pwd":"SjmSoExtT5I/NnUFtFChtHWZrOk=", "key":"7rF6sU6sX6fP5aC2wJ4k", "encPwd":"SjmSoExtT5I%2FNnUFtFChtHWZrOk%3D"}

20:15:55.743 INFO  library.BaseClass - The encrypted PIN is SjmSoExtT5I/NnUFtFChtHWZrOk=
20:15:56.040 INFO  library.BaseClass - The start login response is {"resCode":"000","resDesc":"SUCCESS","userId":"87101","userToken":null,"tempToken":"201901IN6019Pn8X6YqwEm97XuaYJ9y8d","firstName":null,"middleName":null,"lastName":null,"lastLoginTime":null,"userAccessDataType":0,"profilePicAuthKey":null,"usersMobile":["7338190532","9986939965"],"hostDown":false,"userBankAc":null,"unClaimedFunds":[],"availableBankListUpdateTime":null,"inflowUpdateTime":"1370935498378","outflowUpdateTime":"1370935498375","userSfLastUpdatedTime":null,"userDfLastUpdatedTime":null,"isForce":true,"forceAction":21,"forceActionMsg":"This device is not in your trusted list. Please provide requested information to continue accessing from this device.","appUpdateUrl":null,"gcmRegistered":false,"gcmB64Hash":null,"deviceTrusted":false,"currentTrustedPhone":null,"simProofValidationStatus":null,"simValidationEnabled":true,"simValidationToPhoneNumbers":"+919220092200,+919243762535","publicKeyForDevice":null,"aesKeyForDevice":null,"fingerprintRegistered":false,"fingerprintB64Hash":null,"customerId":null,"customerIdSetStatus":0,"p2MerchantStatus":4,"customOfferAvailable":false,"accountKycLevel":0,"kycParamVersion":null,"walletStatus":0,"bankKycUrl":null}
20:15:56.071 INFO  library.BaseClass - The temp token for 9986939965 logging in is 201901IN6019Pn8X6YqwEm97XuaYJ9y8d
20:15:56.071 INFO  library.BaseClass - The userId of 9986939965 is 87101
20:15:56.227 INFO  library.BaseClass - OTP is 797674
20:15:56.227 INFO  library.BaseClass - The DVC for 9986939965 logging in is 797674
20:15:56.430 INFO  library.BaseClass - The complete login response : {"resCode":"000","resDesc":"SUCCESS","userId":"87101","userToken":"201901IN6019PndwsV6h4xb5WdkK4kmKO","tempToken":null,"firstName":"Prathyush","middleName":"Gopinath","lastName":"Paratddf","lastLoginTime":1548859546262,"userAccessDataType":0,"profilePicAuthKey":null,"usersMobile":null,"hostDown":false,"userBankAc":[{"pcAccNumber":"IN062090334723","programId":"6019","accountKycLevel":100}],"unClaimedFunds":[],"availableBankListUpdateTime":null,"inflowUpdateTime":null,"outflowUpdateTime":null,"userSfLastUpdatedTime":null,"userDfLastUpdatedTime":null,"isForce":false,"forceAction":0,"forceActionMsg":null,"appUpdateUrl":null,"gcmRegistered":true,"gcmB64Hash":"O7aD3BcEAzJwNfzt8bFl2ZG7m+SFHvkp2LVS4jgVaMA=","deviceTrusted":true,"currentTrustedPhone":null,"simProofValidationStatus":null,"simValidationEnabled":true,"simValidationToPhoneNumbers":null,"publicKeyForDevice":"MFwwDQYJKoZIhvcNAQEBBQADSwAwSAJBAJbFvZUWzpw4A9+gEhtwGXcrZ24hmxigeEo/av6G7MxTf57krcfc4QbH4dTxBMgCf5fFBe8RE8bgHZZh3Wr0rEkCAwEAAQ==","aesKeyForDevice":"jXHxpBXAzfg0oUk3roX/rg==","fingerprintRegistered":false,"fingerprintB64Hash":null,"customerId":null,"customerIdSetStatus":0,"p2MerchantStatus":4,"customOfferAvailable":true,"accountKycLevel":100,"kycParamVersion":"18.06.21","walletStatus":1,"bankKycUrl":null}
20:15:56.758 INFO  library.BaseClass - Send money response :<html>
<head>
	<title>Error Page</title>
	<style type="text/css">
	BODY{ COLOR: #333333; FONT-FAMILY: verdana,sans-serif,Arial,Tahoma }
	HR {  COLOR: #6699cc}TD { COLOR: #333333; FONT-FAMILY: verdana,sans-serif,Arial,Tahoma; font-size:8pt;}
	</style>
</head>
<body topmargin="0" leftmargin="0" bgcolor="#ffffff" marginwidth="0" marginheight="0">
<table cellpadding="0" cellspacing="0" border="0" width="100%">
<tr><td bgcolor="#84C1FF" valign="middle"><p align="right">&nbsp;<font style="font-size:7pt;color:#FFFFFF"><b>&nbsp;</b>&nbsp;</font></p></td></tr>
<tr><td>
	<table cellpadding="5" cellspacing="0" border="0" width="100%">
	<tr><td colspan="2">
		<BR>&nbsp;<BR>
		<font size="3"><CENTER><b>Service Unavailable</b></CENTER></font>
		<BR>&nbsp;<BR>
	</td></tr>
	</table>
</td></tr>
</table>
</body>
</html>


20:53:09.282 INFO  library.BaseClass - =====Registering 2233665546 from API =====
20:53:31.715 INFO  library.BaseClass - Offline reg response : {"code":400,"message":"User already registered!"}
20:53:34.043 INFO  library.BaseClass - ==== Executing Query : delete from wibmo_in_6019_usr_data.user_mobile_info where mobile='2233665546' ====
20:53:34.043 INFO  library.BaseClass - ==== Executing Update Query : delete from wibmo_in_6019_usr_data.user_mobile_info where mobile='2233665546' ====
