14:57:57.021 ERROR LogIntoFile - Error logs
14:57:57.029 FATAL LogIntoFile - Fatal logs
14:58:38.394 ERROR LogIntoFile - Error logs
14:58:38.397 FATAL LogIntoFile - Fatal logs
14:58:46.364 ERROR LogIntoFile - Error logs
14:58:46.367 FATAL LogIntoFile - Fatal logs
14:58:55.318 ERROR LogIntoFile - Error logs
14:58:55.321 FATAL LogIntoFile - Fatal logs
14:58:56.371 ERROR LogIntoFile - Error logs
14:58:56.374 FATAL LogIntoFile - Fatal logs
14:58:57.349 ERROR LogIntoFile - Error logs
14:58:57.353 FATAL LogIntoFile - Fatal logs
15:00:14.206 ERROR LogIntoFile - Error logs
15:00:14.210 FATAL LogIntoFile - Fatal logs
15:35:58.202 INFO  LoggingDemo.LogIntoFile - Info logs
15:35:58.205 WARN  LoggingDemo.LogIntoFile - Warn logs
15:35:58.205 ERROR LoggingDemo.LogIntoFile - Error logs
15:35:58.205 FATAL LoggingDemo.LogIntoFile - Fatal logs
15:36:06.390 TRACE LoggingDemo1.LogIntoFile - Trace logs
15:36:06.393 INFO  LoggingDemo1.LogIntoFile - Info logs
15:36:06.393 WARN  LoggingDemo1.LogIntoFile - Warn logs
15:36:06.393 DEBUG LoggingDemo1.LogIntoFile - Debug logs
15:36:06.393 ERROR LoggingDemo1.LogIntoFile - Error logs
15:36:06.393 FATAL LoggingDemo1.LogIntoFile - Fatal logs
